# Evoluation started on 2015/07/18 04:00:59
# Generation	   Best 	   Average 	   Worst
	  0		  10.510	   9.905	   0.000
	  1		  10.507	   9.930	   9.229
	  2		  10.241	   9.985	   9.526
	  3		  10.385	   9.960	   9.525
	  4		  10.392	  10.006	   9.682
	  5		  10.487	  10.008	   9.358
	  6		  10.549	  10.068	   9.695
	  7		  10.473	  10.059	   9.591
	  8		  10.518	  10.039	   9.739
	  9		  10.531	  10.024	   9.720
	 10		  10.605	  10.062	   9.918
	 11		  10.704	  10.130	   9.925
	 12		  10.571	  10.116	   9.811
	 13		  10.720	  10.100	   9.786
	 14		  10.686	  10.119	   9.662
	 15		  10.669	  10.215	   9.824
	 16		  10.898	  10.320	   9.798
	 17		  10.625	  10.189	   9.867
	 18		  10.664	  10.176	   9.891
	 19		  10.661	  10.218	   9.922
	 20		  10.691	  10.181	   9.691
	 21		  10.661	  10.260	   9.819
	 22		  10.900	  10.238	   9.865
	 23		  10.626	  10.182	   9.852
	 24		  10.791	  10.379	   9.839
	 25		  10.893	  10.376	   9.756
	 26		  10.797	  10.376	   9.868
	 27		  10.674	  10.278	   9.929
	 28		  10.805	  10.346	   9.924
	 29		  10.658	  10.299	   9.754
	 30		  10.698	  10.320	   9.964
	 31		  10.779	  10.363	   9.710
	 32		  10.748	  10.318	   9.885
	 33		  10.745	  10.223	   9.779
	 34		  10.744	  10.191	   9.440
	 35		  10.663	  10.240	   9.728
	 36		  10.726	  10.172	   9.646
	 37		  10.822	  10.221	   9.907
	 38		  10.708	  10.128	   9.771
	 39		  10.725	  10.194	   9.762
	 40		  10.945	  10.268	   9.768
	 41		  10.769	  10.260	   9.488
	 42		  10.802	  10.278	   9.782
	 43		  10.749	  10.355	   9.946
	 44		  10.704	  10.406	   9.407
	 45		  10.947	  10.389	   9.537
	 46		  10.822	  10.383	   9.557
	 47		  10.682	  10.418	   9.807
	 48		  11.086	  10.620	   9.999
	 49		  10.962	  10.570	   9.899
	 50		  10.836	  10.482	   9.881
	 51		  11.001	  10.478	   9.650
	 52		  10.869	  10.408	   9.943
	 53		  11.047	  10.565	   9.957
	 54		  10.833	  10.488	   9.986
	 55		  11.032	  10.650	   9.823
	 56		  10.735	  10.393	   9.695
	 57		  10.673	  10.357	   9.934
	 58		  10.895	  10.532	   9.947
	 59		  10.982	  10.542	   9.725
	 60		  11.002	  10.540	   9.932
	 61		  10.777	  10.454	   9.936
	 62		  10.955	  10.537	   9.881
	 63		  11.111	  10.615	   9.839
	 64		  11.137	  10.657	   9.773
	 65		  10.972	  10.516	   9.852
	 66		  10.804	  10.468	   9.891
	 67		  10.717	  10.363	   9.293
	 68		  10.855	  10.514	   9.950
	 69		  10.999	  10.645	   9.994
	 70		  11.053	  10.749	  10.333
	 71		  10.905	  10.623	   9.902
	 72		  10.896	  10.580	  10.118
	 73		  10.982	  10.629	  10.289
	 74		  11.162	  10.798	  10.134
	 75		  11.176	  10.752	  10.103
	 76		  10.786	  10.532	   9.644
	 77		  11.005	  10.671	   9.812
	 78		  11.089	  10.710	  10.099
	 79		  11.049	  10.690	   9.849
	 80		  10.841	  10.520	   9.687
	 81		  11.035	  10.824	  10.201
	 82		  10.865	  10.627	  10.031
	 83		  11.020	  10.683	   9.922
	 84		  10.932	  10.720	  10.132
	 85		  10.913	  10.644	   9.958
	 86		  11.102	  10.776	  10.030
	 87		  11.051	  10.801	   9.718
	 88		  11.102	  10.775	   9.545
	 89		  11.105	  10.791	  10.218
	 90		  10.943	  10.686	   9.844
	 91		  11.332	  10.950	   9.997
	 92		  11.147	  10.829	   9.932
	 93		  11.323	  11.107	  10.296
	 94		  11.173	  10.774	  10.038
	 95		  11.218	  10.869	  10.006
	 96		  11.128	  10.856	   9.891
	 97		  11.154	  10.802	   9.862
	 98		  11.248	  10.657	   9.625
	 99		  11.292	  10.950	   9.775
	100		  11.202	  10.763	   9.145
	101		  11.310	  10.893	   9.230
	102		  11.256	  10.837	   8.962
	103		  11.179	  10.806	   9.407
	104		  11.312	  10.946	   9.434
	105		  11.246	  10.908	   8.843
	106		  11.204	  10.874	   9.227
	107		  11.149	  10.842	   9.778
	108		  11.234	  10.865	   9.762
	109		  11.132	  10.919	   9.967
	110		  11.252	  10.958	   9.802
	111		  11.267	  10.927	   9.791
	112		  11.214	  10.953	  10.511
	113		  11.237	  11.051	  10.350
	114		  11.108	  10.896	  10.375
	115		  11.284	  11.061	  10.138
	116		  11.225	  10.966	  10.237
	117		  11.335	  11.125	  10.726
	118		  11.236	  10.913	   9.987
	119		  11.142	  10.870	  10.114
	120		  11.056	  10.819	  10.040
	121		  11.339	  11.025	  10.065
	122		  11.349	  11.125	  10.113
	123		  11.218	  10.875	   9.730
	124		  11.244	  10.854	   9.676
	125		  11.325	  10.954	   9.711
	126		  11.232	  10.974	   9.627
	127		  11.091	  10.830	   9.970
	128		  11.328	  11.015	   9.791
	129		  11.320	  11.086	  10.214
	130		  11.254	  10.966	  10.000
	131		  11.273	  11.010	  10.499
	132		  11.328	  11.073	  10.262
	133		  11.298	  11.079	   9.850
	134		  11.210	  10.898	  10.204
	135		  11.255	  10.890	   9.889
	136		  11.191	  10.956	   9.831
	137		  11.429	  11.001	  10.043
	138		  11.171	  10.908	  10.140
	139		  11.215	  10.932	   9.723
	140		  11.411	  11.112	   9.963
	141		  11.185	  10.902	   9.509
	142		  11.294	  10.981	   9.715
	143		  11.255	  10.986	  10.185
	144		  11.197	  10.939	   9.769
	145		  11.306	  11.055	   9.356
	146		  11.279	  10.954	  10.252
	147		  11.315	  10.989	   9.751
	148		  11.232	  10.991	  10.109
	149		  11.397	  11.180	  10.247
	150		  11.358	  11.094	  10.297
	151		  11.374	  11.136	  10.430
	152		  11.035	  10.769	  10.159
	153		  11.263	  10.975	  10.263
	154		  11.310	  11.078	   9.940
	155		  11.424	  11.233	  10.283
	156		  11.300	  11.012	  10.043
	157		  11.151	  10.892	  10.251
	158		  11.297	  11.036	  10.161
	159		  11.385	  11.159	  10.682
	160		  11.200	  11.023	  10.007
	161		  11.344	  11.155	   9.877
	162		  11.257	  11.097	  10.690
	163		  11.294	  11.039	  10.064
	164		  11.330	  11.155	   9.932
	165		  11.249	  11.033	   9.521
	166		  11.081	  10.887	  10.119
	167		  11.158	  10.937	  10.320
	168		  11.102	  10.820	   9.945
	169		  11.277	  11.070	   9.238
	170		  11.287	  11.056	   9.228
	171		  11.249	  11.060	  10.116
	172		  11.348	  11.218	  10.476
	173		  11.242	  10.993	   9.353
	174		  11.334	  11.074	   9.726
	175		  11.354	  11.146	   9.735
	176		  11.295	  10.951	   9.726
	177		  11.349	  11.147	  10.132
	178		  11.299	  11.079	  10.506
	179		  11.326	  11.139	  10.417
	180		  11.316	  11.074	   9.162
	181		  11.241	  10.964	  10.537
	182		  11.116	  10.920	  10.166
	183		  11.263	  11.055	   9.971
	184		  11.335	  11.160	  10.495
	185		  11.324	  11.093	  10.145
	186		  11.406	  11.224	  10.605
	187		  11.371	  11.142	  10.846
	188		  11.160	  10.974	  10.575
	189		  11.262	  11.077	  10.108
	190		  11.126	  10.931	  10.069
	191		  11.156	  10.963	  10.080
	192		  11.479	  11.202	   9.268
	193		  11.429	  11.195	   9.903
	194		  11.234	  11.029	   9.886
	195		  11.287	  10.995	   9.763
	196		  11.358	  11.136	  10.308
	197		  11.385	  11.210	  10.174
	198		  11.299	  11.014	   9.584
	199		  11.268	  11.038	   9.969
	200		  11.119	  10.911	   9.918
	201		  11.320	  10.985	  10.046
	202		  11.199	  10.946	   9.755
	203		  11.131	  10.822	   9.299
	204		  11.344	  11.029	   9.850
	205		  11.319	  11.039	   9.919
	206		  11.286	  11.016	   9.817
	207		  11.314	  11.111	  10.210
	208		  11.396	  11.165	   9.768
	209		  11.199	  10.936	  10.246
	210		  11.276	  10.960	   9.566
	211		  11.158	  10.792	   8.932
	212		  11.316	  10.877	   9.238
	213		  11.195	  10.828	   9.369
	214		  11.213	  10.929	   9.367
	215		  11.408	  11.120	  10.125
	216		  11.211	  10.922	   9.131
	217		  11.357	  11.065	   9.889
	218		  11.130	  10.931	   9.620
	219		  11.337	  10.998	   8.572
	220		  11.257	  10.750	   9.397
	221		  11.288	  10.902	   9.805
	222		  11.295	  11.032	   9.438
	223		  11.239	  10.790	   9.686
	224		  11.248	  10.882	   9.678
	225		  11.286	  10.761	   9.451
	226		  11.419	  11.116	   9.225
	227		  11.284	  10.944	   9.903
	228		  11.376	  11.075	   9.313
	229		  11.178	  10.875	   9.311
	230		  11.392	  10.953	   9.236
	231		  11.361	  10.992	   9.514
	232		  11.238	  10.798	   9.190
	233		  11.317	  11.008	   9.464
	234		  11.446	  11.199	   9.995
	235		  11.306	  11.024	   9.963
	236		  11.380	  11.141	  10.079
	237		  11.268	  10.954	   8.825
	238		  11.268	  10.900	   9.869
	239		  11.259	  10.928	   9.636
	240		  11.317	  10.960	   9.431
	241		  11.276	  10.946	   9.718
	242		  11.309	  11.089	   9.870
	243		  11.323	  11.009	   9.092
	244		  11.205	  10.986	   9.946
	245		  11.364	  11.096	   9.885
	246		  11.395	  11.068	   9.299
	247		  11.255	  10.991	   9.792
	248		  11.390	  11.024	   9.662
	249		  11.294	  10.954	   9.592
# Evoluation started on 2015/07/18 14:38:55
# Generation	   Best 	   Average 	   Worst
# Evoluation started on 2015/07/18 15:04:26
# Generation	   Best 	   Average 	   Worst
# Evoluation started on 2015/07/19 00:39:07
# Generation	   Best 	   Average 	   Worst
